<?xml version="1.0" encoding="UTF-8"?>
<!-- Generated by org.testng.reporters.JUnitReportReporter -->
<testsuite hostname="Aved-K" failures="1" tests="1" name="testRunner.failedRunner" time="37.336" errors="0" timestamp="2026-02-26T18:01:29 IST" skipped="0">
  <testcase classname="testRunner.failedRunner" name="runScenario" time="37.336">
    <failure message="expected [No data] but found [Beetroot]" type="java.lang.AssertionError">
      <![CDATA[java.lang.AssertionError: expected [No data] but found [Beetroot]
at org.testng.Assert.fail(Assert.java:111)
at org.testng.Assert.failNotEquals(Assert.java:1590)
at org.testng.Assert.assertEqualsImpl(Assert.java:150)
at org.testng.Assert.assertEquals(Assert.java:132)
at org.testng.Assert.assertEquals(Assert.java:656)
at org.testng.Assert.assertEquals(Assert.java:666)
at stepDefinitions.OffersPageGreenKart.search_OffersPage(OffersPageGreenKart.java:34)
at ✽.User searches the same BeeT shortname in offers page to check if the product exist(file:///C:/Users/a/Selnm_Cucu/src/test/java/features/products.feature:8)
]]>
    </failure>
  </testcase> <!-- runScenario -->
</testsuite> <!-- testRunner.failedRunner -->
